<?xml version="1.0" encoding="UTF-8"?>
<!-- Generated by org.testng.reporters.JUnitReportReporter -->
<testsuite hostname="DESKTOP-3U9JD4T" failures="0" tests="1" name="CheckingIdRemoved" time="52.326" errors="0" timestamp="2025-09-22T17:58:48 EEST" skipped="0">
  <testcase classname="CheckingIdRemoved" name="checkIdRemoved" time="52.326"/>
</testsuite> <!-- CheckingIdRemoved -->
